Performing C SOURCE FILE Test CMAKE_HAVE_LIBC_PTHREAD failed with the following output:
Change Dir: /home/dyh/workspace/cpp/cpp_pipeline_detectron2/cmake-build-debug/CMakeFiles/CMakeTmp

Run Build Command(s):/usr/bin/make cmTC_6cb93/fast && /usr/bin/make  -f CMakeFiles/cmTC_6cb93.dir/build.make CMakeFiles/cmTC_6cb93.dir/build
make[1]: 进入目录“/home/dyh/workspace/cpp/cpp_pipeline_detectron2/cmake-build-debug/CMakeFiles/CMakeTmp”
Building C object CMakeFiles/cmTC_6cb93.dir/src.c.o
/usr/bin/cc   -DCMAKE_HAVE_LIBC_PTHREAD   -o CMakeFiles/cmTC_6cb93.dir/src.c.o   -c /home/dyh/workspace/cpp/cpp_pipeline_detectron2/cmake-build-debug/CMakeFiles/CMakeTmp/src.c
Linking C executable cmTC_6cb93
/home/dyh/app/clion-2020.2.3/bin/cmake/linux/bin/cmake -E cmake_link_script CMakeFiles/cmTC_6cb93.dir/link.txt --verbose=1
/usr/bin/cc  -DCMAKE_HAVE_LIBC_PTHREAD    CMakeFiles/cmTC_6cb93.dir/src.c.o  -o cmTC_6cb93 
CMakeFiles/cmTC_6cb93.dir/src.c.o：在函数‘main’中：
src.c:(.text+0x3e)：对‘pthread_create’未定义的引用
src.c:(.text+0x4a)：对‘pthread_detach’未定义的引用
src.c:(.text+0x56)：对‘pthread_cancel’未定义的引用
src.c:(.text+0x67)：对‘pthread_join’未定义的引用
src.c:(.text+0x7b)：对‘pthread_atfork’未定义的引用
collect2: error: ld returned 1 exit status
CMakeFiles/cmTC_6cb93.dir/build.make:106: recipe for target 'cmTC_6cb93' failed
make[1]: *** [cmTC_6cb93] Error 1
make[1]: 离开目录“/home/dyh/workspace/cpp/cpp_pipeline_detectron2/cmake-build-debug/CMakeFiles/CMakeTmp”
Makefile:141: recipe for target 'cmTC_6cb93/fast' failed
make: *** [cmTC_6cb93/fast] Error 2


Source file was:
#include <pthread.h>

void* test_func(void* data)
{
  return data;
}

int main(void)
{
  pthread_t thread;
  pthread_create(&thread, NULL, test_func, NULL);
  pthread_detach(thread);
  pthread_cancel(thread);
  pthread_join(thread, NULL);
  pthread_atfork(NULL, NULL, NULL);
  pthread_exit(NULL);

  return 0;
}

Determining if the function pthread_create exists in the pthreads failed with the following output:
Change Dir: /home/dyh/workspace/cpp/cpp_pipeline_detectron2/cmake-build-debug/CMakeFiles/CMakeTmp

Run Build Command(s):/usr/bin/make cmTC_06ecc/fast && /usr/bin/make  -f CMakeFiles/cmTC_06ecc.dir/build.make CMakeFiles/cmTC_06ecc.dir/build
make[1]: 进入目录“/home/dyh/workspace/cpp/cpp_pipeline_detectron2/cmake-build-debug/CMakeFiles/CMakeTmp”
Building C object CMakeFiles/cmTC_06ecc.dir/CheckFunctionExists.c.o
/usr/bin/cc   -DCHECK_FUNCTION_EXISTS=pthread_create   -o CMakeFiles/cmTC_06ecc.dir/CheckFunctionExists.c.o   -c /home/dyh/app/clion-2020.2.3/bin/cmake/linux/share/cmake-3.17/Modules/CheckFunctionExists.c
Linking C executable cmTC_06ecc
/home/dyh/app/clion-2020.2.3/bin/cmake/linux/bin/cmake -E cmake_link_script CMakeFiles/cmTC_06ecc.dir/link.txt --verbose=1
/usr/bin/cc  -DCHECK_FUNCTION_EXISTS=pthread_create    CMakeFiles/cmTC_06ecc.dir/CheckFunctionExists.c.o  -o cmTC_06ecc  -lpthreads 
/usr/bin/ld: 找不到 -lpthreads
collect2: error: ld returned 1 exit status
CMakeFiles/cmTC_06ecc.dir/build.make:106: recipe for target 'cmTC_06ecc' failed
make[1]: *** [cmTC_06ecc] Error 1
make[1]: 离开目录“/home/dyh/workspace/cpp/cpp_pipeline_detectron2/cmake-build-debug/CMakeFiles/CMakeTmp”
Makefile:141: recipe for target 'cmTC_06ecc/fast' failed
make: *** [cmTC_06ecc/fast] Error 2



